Compilation failed:
    source file: 'C:/Users/manzur/WebstormProjects/Nodejs/node_modules/opencv-build/opencv/opencv/cmake/checks/cpu_avx512.cpp'
    check option: '    '
===== BUILD LOG =====
Change Dir: C:/Users/manzur/WebstormProjects/Nodejs/node_modules/opencv-build/opencv/build/CMakeFiles/CMakeTmp

Run Build Command:"C:/Program Files (x86)/Microsoft Visual Studio/2017/BuildTools/MSBuild/15.0/Bin/MSBuild.exe" "cmTC_9f4ce.vcxproj" "/p:Configuration=Release" "/p:VisualStudioVersion=15.0"
Microsoft (R) Build Engine version 15.7.179.6572 for .NET Framework
Copyright (C) Microsoft Corporation. All rights reserved.

Build started 28/07/2018 23:07:34.
Project "C:\Users\manzur\WebstormProjects\Nodejs\node_modules\opencv-build\opencv\build\CMakeFiles\CMakeTmp\cmTC_9f4ce.vcxproj" on node 1 (default targets).
PrepareForBuild:
  Creating directory "cmTC_9f4ce.dir\Release\".
  Creating directory "C:\Users\manzur\WebstormProjects\Nodejs\node_modules\opencv-build\opencv\build\CMakeFiles\CMakeTmp\Release\".
  Creating directory "cmTC_9f4ce.dir\Release\cmTC_9f4ce.tlog\".
InitializeBuildStatus:
  Creating "cmTC_9f4ce.dir\Release\cmTC_9f4ce.tlog\unsuccessfulbuild" because "AlwaysCreate" was specified.
ClCompile:
  C:\Program Files (x86)\Microsoft Visual Studio\2017\BuildTools\VC\Tools\MSVC\14.14.26428\bin\HostX86\x64\CL.exe /c /W3 /WX- /diagnostics:classic /O2 /Ob2 /D WIN32 /D _WINDOWS /D NDEBUG /D "CMAKE_INTDIR=\"Release\"" /D _MBCS /Gm- /EHsc /MD /GS /fp:precise /Zc:wchar_t /Zc:forScope /Zc:inline /GR /Fo"cmTC_9f4ce.dir\Release\\" /Fd"cmTC_9f4ce.dir\Release\vc141.pdb" /Gd /TP /FC /errorReport:queue "C:\Users\manzur\WebstormProjects\Nodejs\node_modules\opencv-build\opencv\opencv\cmake\checks\cpu_avx512.cpp"
  Microsoft (R) C/C++ Optimizing Compiler Version 19.14.26430 for x64
  Copyright (C) Microsoft Corporation.  All rights reserved.
  
  cl /c /W3 /WX- /diagnostics:classic /O2 /Ob2 /D WIN32 /D _WINDOWS /D NDEBUG /D "CMAKE_INTDIR=\"Release\"" /D _MBCS /Gm- /EHsc /MD /GS /fp:precise /Zc:wchar_t /Zc:forScope /Zc:inline /GR /Fo"cmTC_9f4ce.dir\Release\\" /Fd"cmTC_9f4ce.dir\Release\vc141.pdb" /Gd /TP /FC /errorReport:queue "C:\Users\manzur\WebstormProjects\Nodejs\node_modules\opencv-build\opencv\opencv\cmake\checks\cpu_avx512.cpp"
  cpu_avx512.cpp
  
c:\users\manzur\webstormprojects\nodejs\node_modules\opencv-build\opencv\opencv\cmake\checks\cpu_avx512.cpp(8): fatal error C1189: #error:  "AVX512 is not supported" [C:\Users\manzur\WebstormProjects\Nodejs\node_modules\opencv-build\opencv\build\CMakeFiles\CMakeTmp\cmTC_9f4ce.vcxproj]
Done Building Project "C:\Users\manzur\WebstormProjects\Nodejs\node_modules\opencv-build\opencv\build\CMakeFiles\CMakeTmp\cmTC_9f4ce.vcxproj" (default targets) -- FAILED.

Build FAILED.

"C:\Users\manzur\WebstormProjects\Nodejs\node_modules\opencv-build\opencv\build\CMakeFiles\CMakeTmp\cmTC_9f4ce.vcxproj" (default target) (1) ->
(ClCompile target) -> 
  c:\users\manzur\webstormprojects\nodejs\node_modules\opencv-build\opencv\opencv\cmake\checks\cpu_avx512.cpp(8): fatal error C1189: #error:  "AVX512 is not supported" [C:\Users\manzur\WebstormProjects\Nodejs\node_modules\opencv-build\opencv\build\CMakeFiles\CMakeTmp\cmTC_9f4ce.vcxproj]

    0 Warning(s)
    1 Error(s)

Time Elapsed 00:00:00.82

===== END =====

Compilation failed:
    source file: 'C:/Users/manzur/WebstormProjects/Nodejs/node_modules/opencv-build/opencv/opencv/cmake/checks/cpu_avx512skx.cpp'
    check option: '    '
===== BUILD LOG =====
Change Dir: C:/Users/manzur/WebstormProjects/Nodejs/node_modules/opencv-build/opencv/build/CMakeFiles/CMakeTmp

Run Build Command:"C:/Program Files (x86)/Microsoft Visual Studio/2017/BuildTools/MSBuild/15.0/Bin/MSBuild.exe" "cmTC_83672.vcxproj" "/p:Configuration=Release" "/p:VisualStudioVersion=15.0"
Microsoft (R) Build Engine version 15.7.179.6572 for .NET Framework
Copyright (C) Microsoft Corporation. All rights reserved.

Build started 28/07/2018 23:07:35.
Project "C:\Users\manzur\WebstormProjects\Nodejs\node_modules\opencv-build\opencv\build\CMakeFiles\CMakeTmp\cmTC_83672.vcxproj" on node 1 (default targets).
PrepareForBuild:
  Creating directory "cmTC_83672.dir\Release\".
  Creating directory "C:\Users\manzur\WebstormProjects\Nodejs\node_modules\opencv-build\opencv\build\CMakeFiles\CMakeTmp\Release\".
  Creating directory "cmTC_83672.dir\Release\cmTC_83672.tlog\".
InitializeBuildStatus:
  Creating "cmTC_83672.dir\Release\cmTC_83672.tlog\unsuccessfulbuild" because "AlwaysCreate" was specified.
ClCompile:
  C:\Program Files (x86)\Microsoft Visual Studio\2017\BuildTools\VC\Tools\MSVC\14.14.26428\bin\HostX86\x64\CL.exe /c /W3 /WX- /diagnostics:classic /O2 /Ob2 /D WIN32 /D _WINDOWS /D NDEBUG /D "CMAKE_INTDIR=\"Release\"" /D _MBCS /Gm- /EHsc /MD /GS /fp:precise /Zc:wchar_t /Zc:forScope /Zc:inline /GR /Fo"cmTC_83672.dir\Release\\" /Fd"cmTC_83672.dir\Release\vc141.pdb" /Gd /TP /FC /errorReport:queue "C:\Users\manzur\WebstormProjects\Nodejs\node_modules\opencv-build\opencv\opencv\cmake\checks\cpu_avx512skx.cpp"
  Microsoft (R) C/C++ Optimizing Compiler Version 19.14.26430 for x64
  Copyright (C) Microsoft Corporation.  All rights reserved.
  
  cl /c /W3 /WX- /diagnostics:classic /O2 /Ob2 /D WIN32 /D _WINDOWS /D NDEBUG /D "CMAKE_INTDIR=\"Release\"" /D _MBCS /Gm- /EHsc /MD /GS /fp:precise /Zc:wchar_t /Zc:forScope /Zc:inline /GR /Fo"cmTC_83672.dir\Release\\" /Fd"cmTC_83672.dir\Release\vc141.pdb" /Gd /TP /FC /errorReport:queue "C:\Users\manzur\WebstormProjects\Nodejs\node_modules\opencv-build\opencv\opencv\cmake\checks\cpu_avx512skx.cpp"
  cpu_avx512skx.cpp
  
c:\users\manzur\webstormprojects\nodejs\node_modules\opencv-build\opencv\opencv\cmake\checks\cpu_avx512skx.cpp(12): fatal error C1189: #error:  "AVX512-SKX is not supported" [C:\Users\manzur\WebstormProjects\Nodejs\node_modules\opencv-build\opencv\build\CMakeFiles\CMakeTmp\cmTC_83672.vcxproj]
Done Building Project "C:\Users\manzur\WebstormProjects\Nodejs\node_modules\opencv-build\opencv\build\CMakeFiles\CMakeTmp\cmTC_83672.vcxproj" (default targets) -- FAILED.

Build FAILED.

"C:\Users\manzur\WebstormProjects\Nodejs\node_modules\opencv-build\opencv\build\CMakeFiles\CMakeTmp\cmTC_83672.vcxproj" (default target) (1) ->
(ClCompile target) -> 
  c:\users\manzur\webstormprojects\nodejs\node_modules\opencv-build\opencv\opencv\cmake\checks\cpu_avx512skx.cpp(12): fatal error C1189: #error:  "AVX512-SKX is not supported" [C:\Users\manzur\WebstormProjects\Nodejs\node_modules\opencv-build\opencv\build\CMakeFiles\CMakeTmp\cmTC_83672.vcxproj]

    0 Warning(s)
    1 Error(s)

Time Elapsed 00:00:00.86

===== END =====

Determining if the function fseeko exists failed with the following output:
Change Dir: C:/Users/manzur/WebstormProjects/Nodejs/node_modules/opencv-build/opencv/build/CMakeFiles/CMakeTmp

Run Build Command:"C:/Program Files (x86)/Microsoft Visual Studio/2017/BuildTools/MSBuild/15.0/Bin/MSBuild.exe" "cmTC_63375.vcxproj" "/p:Configuration=Release" "/p:VisualStudioVersion=15.0"
Microsoft (R) Build Engine version 15.7.179.6572 for .NET Framework
Copyright (C) Microsoft Corporation. All rights reserved.

Build started 28/07/2018 23:07:54.
Project "C:\Users\manzur\WebstormProjects\Nodejs\node_modules\opencv-build\opencv\build\CMakeFiles\CMakeTmp\cmTC_63375.vcxproj" on node 1 (default targets).
PrepareForBuild:
  Creating directory "cmTC_63375.dir\Release\".
  Creating directory "C:\Users\manzur\WebstormProjects\Nodejs\node_modules\opencv-build\opencv\build\CMakeFiles\CMakeTmp\Release\".
  Creating directory "cmTC_63375.dir\Release\cmTC_63375.tlog\".
InitializeBuildStatus:
  Creating "cmTC_63375.dir\Release\cmTC_63375.tlog\unsuccessfulbuild" because "AlwaysCreate" was specified.
ClCompile:
  C:\Program Files (x86)\Microsoft Visual Studio\2017\BuildTools\VC\Tools\MSVC\14.14.26428\bin\HostX86\x64\CL.exe /c /W3 /WX- /diagnostics:classic /MP4 /O2 /Ob2 /Oi /D WIN32 /D _WINDOWS /D _CRT_SECURE_NO_DEPRECATE /D _CRT_NONSTDC_NO_DEPRECATE /D _SCL_SECURE_NO_WARNINGS /D CHECK_FUNCTION_EXISTS=fseeko /D NDEBUG /D "CMAKE_INTDIR=\"Release\"" /D _MBCS /Gm- /MD /GS /Gy /fp:precise /Zc:wchar_t /Zc:forScope /Zc:inline /Fo"cmTC_63375.dir\Release\\" /Fd"cmTC_63375.dir\Release\vc141.pdb" /Gd /TC /FC /errorReport:queue  /bigobj "C:\Program Files\CMake\share\cmake-3.12\Modules\CheckFunctionExists.c"
  Microsoft (R) C/C++ Optimizing Compiler Version 19.14.26430 for x64
  Copyright (C) Microsoft Corporation.  All rights reserved.
  
  cl /c /W3 /WX- /diagnostics:classic /MP4 /O2 /Ob2 /Oi /D WIN32 /D _WINDOWS /D _CRT_SECURE_NO_DEPRECATE /D _CRT_NONSTDC_NO_DEPRECATE /D _SCL_SECURE_NO_WARNINGS /D CHECK_FUNCTION_EXISTS=fseeko /D NDEBUG /D "CMAKE_INTDIR=\"Release\"" /D _MBCS /Gm- /MD /GS /Gy /fp:precise /Zc:wchar_t /Zc:forScope /Zc:inline /Fo"cmTC_63375.dir\Release\\" /Fd"cmTC_63375.dir\Release\vc141.pdb" /Gd /TC /FC /errorReport:queue  /bigobj "C:\Program Files\CMake\share\cmake-3.12\Modules\CheckFunctionExists.c"
  CheckFunctionExists.c
  
Link:
  C:\Program Files (x86)\Microsoft Visual Studio\2017\BuildTools\VC\Tools\MSVC\14.14.26428\bin\HostX86\x64\link.exe /ERRORREPORT:QUEUE /OUT:"C:\Users\manzur\WebstormProjects\Nodejs\node_modules\opencv-build\opencv\build\CMakeFiles\CMakeTmp\Release\cmTC_63375.exe" /INCREMENTAL:NO /NOLOGO kernel32.lib user32.lib gdi32.lib winspool.lib shell32.lib ole32.lib oleaut32.lib uuid.lib comdlg32.lib advapi32.lib /MANIFEST /MANIFESTUAC:"level='asInvoker' uiAccess='false'" /manifest:embed /PDB:"C:/Users/manzur/WebstormProjects/Nodejs/node_modules/opencv-build/opencv/build/CMakeFiles/CMakeTmp/Release/cmTC_63375.pdb" /SUBSYSTEM:CONSOLE /TLBID:1 /DYNAMICBASE /NXCOMPAT /IMPLIB:"C:/Users/manzur/WebstormProjects/Nodejs/node_modules/opencv-build/opencv/build/CMakeFiles/CMakeTmp/Release/cmTC_63375.lib" /MACHINE:X64  /machine:x64 cmTC_63375.dir\Release\CheckFunctionExists.obj
CheckFunctionExists.obj : error LNK2019: unresolved external symbol fseeko referenced in function main [C:\Users\manzur\WebstormProjects\Nodejs\node_modules\opencv-build\opencv\build\CMakeFiles\CMakeTmp\cmTC_63375.vcxproj]
C:\Users\manzur\WebstormProjects\Nodejs\node_modules\opencv-build\opencv\build\CMakeFiles\CMakeTmp\Release\cmTC_63375.exe : fatal error LNK1120: 1 unresolved externals [C:\Users\manzur\WebstormProjects\Nodejs\node_modules\opencv-build\opencv\build\CMakeFiles\CMakeTmp\cmTC_63375.vcxproj]
Done Building Project "C:\Users\manzur\WebstormProjects\Nodejs\node_modules\opencv-build\opencv\build\CMakeFiles\CMakeTmp\cmTC_63375.vcxproj" (default targets) -- FAILED.

Build FAILED.

"C:\Users\manzur\WebstormProjects\Nodejs\node_modules\opencv-build\opencv\build\CMakeFiles\CMakeTmp\cmTC_63375.vcxproj" (default target) (1) ->
(Link target) -> 
  CheckFunctionExists.obj : error LNK2019: unresolved external symbol fseeko referenced in function main [C:\Users\manzur\WebstormProjects\Nodejs\node_modules\opencv-build\opencv\build\CMakeFiles\CMakeTmp\cmTC_63375.vcxproj]
  C:\Users\manzur\WebstormProjects\Nodejs\node_modules\opencv-build\opencv\build\CMakeFiles\CMakeTmp\Release\cmTC_63375.exe : fatal error LNK1120: 1 unresolved externals [C:\Users\manzur\WebstormProjects\Nodejs\node_modules\opencv-build\opencv\build\CMakeFiles\CMakeTmp\cmTC_63375.vcxproj]

    0 Warning(s)
    2 Error(s)

Time Elapsed 00:00:01.31


Determining size of off64_t failed with the following output:
Change Dir: C:/Users/manzur/WebstormProjects/Nodejs/node_modules/opencv-build/opencv/build/CMakeFiles/CMakeTmp

Run Build Command:"C:/Program Files (x86)/Microsoft Visual Studio/2017/BuildTools/MSBuild/15.0/Bin/MSBuild.exe" "cmTC_e765d.vcxproj" "/p:Configuration=Release" "/p:VisualStudioVersion=15.0"
Microsoft (R) Build Engine version 15.7.179.6572 for .NET Framework
Copyright (C) Microsoft Corporation. All rights reserved.

Build started 28/07/2018 23:07:56.
Project "C:\Users\manzur\WebstormProjects\Nodejs\node_modules\opencv-build\opencv\build\CMakeFiles\CMakeTmp\cmTC_e765d.vcxproj" on node 1 (default targets).
PrepareForBuild:
  Creating directory "cmTC_e765d.dir\Release\".
  Creating directory "C:\Users\manzur\WebstormProjects\Nodejs\node_modules\opencv-build\opencv\build\CMakeFiles\CMakeTmp\Release\".
  Creating directory "cmTC_e765d.dir\Release\cmTC_e765d.tlog\".
InitializeBuildStatus:
  Creating "cmTC_e765d.dir\Release\cmTC_e765d.tlog\unsuccessfulbuild" because "AlwaysCreate" was specified.
ClCompile:
  C:\Program Files (x86)\Microsoft Visual Studio\2017\BuildTools\VC\Tools\MSVC\14.14.26428\bin\HostX86\x64\CL.exe /c /W3 /WX- /diagnostics:classic /MP4 /O2 /Ob2 /Oi /D WIN32 /D _WINDOWS /D _CRT_SECURE_NO_DEPRECATE /D _CRT_NONSTDC_NO_DEPRECATE /D _SCL_SECURE_NO_WARNINGS /D NDEBUG /D "CMAKE_INTDIR=\"Release\"" /D _MBCS /Gm- /MD /GS /Gy /fp:precise /Zc:wchar_t /Zc:forScope /Zc:inline /Fo"cmTC_e765d.dir\Release\\" /Fd"cmTC_e765d.dir\Release\vc141.pdb" /Gd /TC /FC /errorReport:queue  /bigobj "C:\Users\manzur\WebstormProjects\Nodejs\node_modules\opencv-build\opencv\build\CMakeFiles\CheckTypeSize\OFF64_T.c"
  Microsoft (R) C/C++ Optimizing Compiler Version 19.14.26430 for x64
  Copyright (C) Microsoft Corporation.  All rights reserved.
  
  cl /c /W3 /WX- /diagnostics:classic /MP4 /O2 /Ob2 /Oi /D WIN32 /D _WINDOWS /D _CRT_SECURE_NO_DEPRECATE /D _CRT_NONSTDC_NO_DEPRECATE /D _SCL_SECURE_NO_WARNINGS /D NDEBUG /D "CMAKE_INTDIR=\"Release\"" /D _MBCS /Gm- /MD /GS /Gy /fp:precise /Zc:wchar_t /Zc:forScope /Zc:inline /Fo"cmTC_e765d.dir\Release\\" /Fd"cmTC_e765d.dir\Release\vc141.pdb" /Gd /TC /FC /errorReport:queue  /bigobj "C:\Users\manzur\WebstormProjects\Nodejs\node_modules\opencv-build\opencv\build\CMakeFiles\CheckTypeSize\OFF64_T.c"
  OFF64_T.c
  
c:\users\manzur\webstormprojects\nodejs\node_modules\opencv-build\opencv\build\cmakefiles\checktypesize\off64_t.c(25): error C2065: 'off64_t': undeclared identifier [C:\Users\manzur\WebstormProjects\Nodejs\node_modules\opencv-build\opencv\build\CMakeFiles\CMakeTmp\cmTC_e765d.vcxproj]
c:\users\manzur\webstormprojects\nodejs\node_modules\opencv-build\opencv\build\cmakefiles\checktypesize\off64_t.c(26): error C2065: 'off64_t': undeclared identifier [C:\Users\manzur\WebstormProjects\Nodejs\node_modules\opencv-build\opencv\build\CMakeFiles\CMakeTmp\cmTC_e765d.vcxproj]
c:\users\manzur\webstormprojects\nodejs\node_modules\opencv-build\opencv\build\cmakefiles\checktypesize\off64_t.c(27): error C2065: 'off64_t': undeclared identifier [C:\Users\manzur\WebstormProjects\Nodejs\node_modules\opencv-build\opencv\build\CMakeFiles\CMakeTmp\cmTC_e765d.vcxproj]
c:\users\manzur\webstormprojects\nodejs\node_modules\opencv-build\opencv\build\cmakefiles\checktypesize\off64_t.c(28): error C2065: 'off64_t': undeclared identifier [C:\Users\manzur\WebstormProjects\Nodejs\node_modules\opencv-build\opencv\build\CMakeFiles\CMakeTmp\cmTC_e765d.vcxproj]
c:\users\manzur\webstormprojects\nodejs\node_modules\opencv-build\opencv\build\cmakefiles\checktypesize\off64_t.c(29): error C2065: 'off64_t': undeclared identifier [C:\Users\manzur\WebstormProjects\Nodejs\node_modules\opencv-build\opencv\build\CMakeFiles\CMakeTmp\cmTC_e765d.vcxproj]
Done Building Project "C:\Users\manzur\WebstormProjects\Nodejs\node_modules\opencv-build\opencv\build\CMakeFiles\CMakeTmp\cmTC_e765d.vcxproj" (default targets) -- FAILED.

Build FAILED.

"C:\Users\manzur\WebstormProjects\Nodejs\node_modules\opencv-build\opencv\build\CMakeFiles\CMakeTmp\cmTC_e765d.vcxproj" (default target) (1) ->
(ClCompile target) -> 
  c:\users\manzur\webstormprojects\nodejs\node_modules\opencv-build\opencv\build\cmakefiles\checktypesize\off64_t.c(25): error C2065: 'off64_t': undeclared identifier [C:\Users\manzur\WebstormProjects\Nodejs\node_modules\opencv-build\opencv\build\CMakeFiles\CMakeTmp\cmTC_e765d.vcxproj]
  c:\users\manzur\webstormprojects\nodejs\node_modules\opencv-build\opencv\build\cmakefiles\checktypesize\off64_t.c(26): error C2065: 'off64_t': undeclared identifier [C:\Users\manzur\WebstormProjects\Nodejs\node_modules\opencv-build\opencv\build\CMakeFiles\CMakeTmp\cmTC_e765d.vcxproj]
  c:\users\manzur\webstormprojects\nodejs\node_modules\opencv-build\opencv\build\cmakefiles\checktypesize\off64_t.c(27): error C2065: 'off64_t': undeclared identifier [C:\Users\manzur\WebstormProjects\Nodejs\node_modules\opencv-build\opencv\build\CMakeFiles\CMakeTmp\cmTC_e765d.vcxproj]
  c:\users\manzur\webstormprojects\nodejs\node_modules\opencv-build\opencv\build\cmakefiles\checktypesize\off64_t.c(28): error C2065: 'off64_t': undeclared identifier [C:\Users\manzur\WebstormProjects\Nodejs\node_modules\opencv-build\opencv\build\CMakeFiles\CMakeTmp\cmTC_e765d.vcxproj]
  c:\users\manzur\webstormprojects\nodejs\node_modules\opencv-build\opencv\build\cmakefiles\checktypesize\off64_t.c(29): error C2065: 'off64_t': undeclared identifier [C:\Users\manzur\WebstormProjects\Nodejs\node_modules\opencv-build\opencv\build\CMakeFiles\CMakeTmp\cmTC_e765d.vcxproj]

    0 Warning(s)
    5 Error(s)

Time Elapsed 00:00:00.72

C:/Users/manzur/WebstormProjects/Nodejs/node_modules/opencv-build/opencv/build/CMakeFiles/CheckTypeSize/OFF64_T.c:
#include <sys/types.h>
#include <stdint.h>
#include <stddef.h>


#undef KEY
#if defined(__i386)
# define KEY '_','_','i','3','8','6'
#elif defined(__x86_64)
# define KEY '_','_','x','8','6','_','6','4'
#elif defined(__ppc__)
# define KEY '_','_','p','p','c','_','_'
#elif defined(__ppc64__)
# define KEY '_','_','p','p','c','6','4','_','_'
#elif defined(__aarch64__)
# define KEY '_','_','a','a','r','c','h','6','4','_','_'
#elif defined(__ARM_ARCH_7A__)
# define KEY '_','_','A','R','M','_','A','R','C','H','_','7','A','_','_'
#elif defined(__ARM_ARCH_7S__)
# define KEY '_','_','A','R','M','_','A','R','C','H','_','7','S','_','_'
#endif

#define SIZE (sizeof(off64_t))
char info_size[] =  {'I', 'N', 'F', 'O', ':', 's','i','z','e','[',
  ('0' + ((SIZE / 10000)%10)),
  ('0' + ((SIZE / 1000)%10)),
  ('0' + ((SIZE / 100)%10)),
  ('0' + ((SIZE / 10)%10)),
  ('0' +  (SIZE    % 10)),
  ']',
#ifdef KEY
  ' ','k','e','y','[', KEY, ']',
#endif
  '\0'};

#ifdef __CLASSIC_C__
int main(argc, argv) int argc; char *argv[];
#else
int main(int argc, char *argv[])
#endif
{
  int require = 0;
  require += info_size[argc];
  (void)argv;
  return require;
}


Determining if the function memmove exists failed with the following output:
Change Dir: C:/Users/manzur/WebstormProjects/Nodejs/node_modules/opencv-build/opencv/build/CMakeFiles/CMakeTmp

Run Build Command:"C:/Program Files (x86)/Microsoft Visual Studio/2017/BuildTools/MSBuild/15.0/Bin/MSBuild.exe" "cmTC_cdbd9.vcxproj" "/p:Configuration=Release" "/p:VisualStudioVersion=15.0"
Microsoft (R) Build Engine version 15.7.179.6572 for .NET Framework
Copyright (C) Microsoft Corporation. All rights reserved.

Build started 28/07/2018 23:08:30.
Project "C:\Users\manzur\WebstormProjects\Nodejs\node_modules\opencv-build\opencv\build\CMakeFiles\CMakeTmp\cmTC_cdbd9.vcxproj" on node 1 (default targets).
PrepareForBuild:
  Creating directory "cmTC_cdbd9.dir\Release\".
  Creating directory "C:\Users\manzur\WebstormProjects\Nodejs\node_modules\opencv-build\opencv\build\CMakeFiles\CMakeTmp\Release\".
  Creating directory "cmTC_cdbd9.dir\Release\cmTC_cdbd9.tlog\".
InitializeBuildStatus:
  Creating "cmTC_cdbd9.dir\Release\cmTC_cdbd9.tlog\unsuccessfulbuild" because "AlwaysCreate" was specified.
ClCompile:
  C:\Program Files (x86)\Microsoft Visual Studio\2017\BuildTools\VC\Tools\MSVC\14.14.26428\bin\HostX86\x64\CL.exe /c /W3 /WX- /diagnostics:classic /MP4 /O2 /Ob2 /Oi /D WIN32 /D _WINDOWS /D _CRT_SECURE_NO_DEPRECATE /D _CRT_NONSTDC_NO_DEPRECATE /D _SCL_SECURE_NO_WARNINGS /D CHECK_FUNCTION_EXISTS=memmove /D NDEBUG /D "CMAKE_INTDIR=\"Release\"" /D _MBCS /Gm- /MD /GS /Gy /fp:precise /Zc:wchar_t /Zc:forScope /Zc:inline /Fo"cmTC_cdbd9.dir\Release\\" /Fd"cmTC_cdbd9.dir\Release\vc141.pdb" /Gd /TC /FC /errorReport:queue  /bigobj "C:\Program Files\CMake\share\cmake-3.12\Modules\CheckFunctionExists.c"
  Microsoft (R) C/C++ Optimizing Compiler Version 19.14.26430 for x64
  Copyright (C) Microsoft Corporation.  All rights reserved.
  
  cl /c /W3 /WX- /diagnostics:classic /MP4 /O2 /Ob2 /Oi /D WIN32 /D _WINDOWS /D _CRT_SECURE_NO_DEPRECATE /D _CRT_NONSTDC_NO_DEPRECATE /D _SCL_SECURE_NO_WARNINGS /D CHECK_FUNCTION_EXISTS=memmove /D NDEBUG /D "CMAKE_INTDIR=\"Release\"" /D _MBCS /Gm- /MD /GS /Gy /fp:precise /Zc:wchar_t /Zc:forScope /Zc:inline /Fo"cmTC_cdbd9.dir\Release\\" /Fd"cmTC_cdbd9.dir\Release\vc141.pdb" /Gd /TC /FC /errorReport:queue  /bigobj "C:\Program Files\CMake\share\cmake-3.12\Modules\CheckFunctionExists.c"
  CheckFunctionExists.c
  
c:\program files\cmake\share\cmake-3.12\modules\checkfunctionexists.c(7): warning C4391: 'char memmove(void)': incorrect return type for intrinsic function, expected 'void' [C:\Users\manzur\WebstormProjects\Nodejs\node_modules\opencv-build\opencv\build\CMakeFiles\CMakeTmp\cmTC_cdbd9.vcxproj]
c:\program files\cmake\share\cmake-3.12\modules\checkfunctionexists.c(7): warning C4392: 'char memmove(void)': incorrect number of arguments for intrinsic function, expected '3' arguments [C:\Users\manzur\WebstormProjects\Nodejs\node_modules\opencv-build\opencv\build\CMakeFiles\CMakeTmp\cmTC_cdbd9.vcxproj]
c:\program files\cmake\share\cmake-3.12\modules\checkfunctionexists.c(17): error C2168: 'memmove': too few actual parameters for intrinsic function [C:\Users\manzur\WebstormProjects\Nodejs\node_modules\opencv-build\opencv\build\CMakeFiles\CMakeTmp\cmTC_cdbd9.vcxproj]
Done Building Project "C:\Users\manzur\WebstormProjects\Nodejs\node_modules\opencv-build\opencv\build\CMakeFiles\CMakeTmp\cmTC_cdbd9.vcxproj" (default targets) -- FAILED.

Build FAILED.

"C:\Users\manzur\WebstormProjects\Nodejs\node_modules\opencv-build\opencv\build\CMakeFiles\CMakeTmp\cmTC_cdbd9.vcxproj" (default target) (1) ->
(ClCompile target) -> 
  c:\program files\cmake\share\cmake-3.12\modules\checkfunctionexists.c(7): warning C4391: 'char memmove(void)': incorrect return type for intrinsic function, expected 'void' [C:\Users\manzur\WebstormProjects\Nodejs\node_modules\opencv-build\opencv\build\CMakeFiles\CMakeTmp\cmTC_cdbd9.vcxproj]
  c:\program files\cmake\share\cmake-3.12\modules\checkfunctionexists.c(7): warning C4392: 'char memmove(void)': incorrect number of arguments for intrinsic function, expected '3' arguments [C:\Users\manzur\WebstormProjects\Nodejs\node_modules\opencv-build\opencv\build\CMakeFiles\CMakeTmp\cmTC_cdbd9.vcxproj]


"C:\Users\manzur\WebstormProjects\Nodejs\node_modules\opencv-build\opencv\build\CMakeFiles\CMakeTmp\cmTC_cdbd9.vcxproj" (default target) (1) ->
(ClCompile target) -> 
  c:\program files\cmake\share\cmake-3.12\modules\checkfunctionexists.c(17): error C2168: 'memmove': too few actual parameters for intrinsic function [C:\Users\manzur\WebstormProjects\Nodejs\node_modules\opencv-build\opencv\build\CMakeFiles\CMakeTmp\cmTC_cdbd9.vcxproj]

    2 Warning(s)
    1 Error(s)

Time Elapsed 00:00:00.79


Determining if the function strcasecmp exists failed with the following output:
Change Dir: C:/Users/manzur/WebstormProjects/Nodejs/node_modules/opencv-build/opencv/build/CMakeFiles/CMakeTmp

Run Build Command:"C:/Program Files (x86)/Microsoft Visual Studio/2017/BuildTools/MSBuild/15.0/Bin/MSBuild.exe" "cmTC_f2c78.vcxproj" "/p:Configuration=Release" "/p:VisualStudioVersion=15.0"
Microsoft (R) Build Engine version 15.7.179.6572 for .NET Framework
Copyright (C) Microsoft Corporation. All rights reserved.

Build started 28/07/2018 23:08:33.
Project "C:\Users\manzur\WebstormProjects\Nodejs\node_modules\opencv-build\opencv\build\CMakeFiles\CMakeTmp\cmTC_f2c78.vcxproj" on node 1 (default targets).
PrepareForBuild:
  Creating directory "cmTC_f2c78.dir\Release\".
  Creating directory "C:\Users\manzur\WebstormProjects\Nodejs\node_modules\opencv-build\opencv\build\CMakeFiles\CMakeTmp\Release\".
  Creating directory "cmTC_f2c78.dir\Release\cmTC_f2c78.tlog\".
InitializeBuildStatus:
  Creating "cmTC_f2c78.dir\Release\cmTC_f2c78.tlog\unsuccessfulbuild" because "AlwaysCreate" was specified.
ClCompile:
  C:\Program Files (x86)\Microsoft Visual Studio\2017\BuildTools\VC\Tools\MSVC\14.14.26428\bin\HostX86\x64\CL.exe /c /W3 /WX- /diagnostics:classic /MP4 /O2 /Ob2 /Oi /D WIN32 /D _WINDOWS /D _CRT_SECURE_NO_DEPRECATE /D _CRT_NONSTDC_NO_DEPRECATE /D _SCL_SECURE_NO_WARNINGS /D CHECK_FUNCTION_EXISTS=strcasecmp /D NDEBUG /D "CMAKE_INTDIR=\"Release\"" /D _MBCS /Gm- /MD /GS /Gy /fp:precise /Zc:wchar_t /Zc:forScope /Zc:inline /Fo"cmTC_f2c78.dir\Release\\" /Fd"cmTC_f2c78.dir\Release\vc141.pdb" /Gd /TC /FC /errorReport:queue  /bigobj "C:\Program Files\CMake\share\cmake-3.12\Modules\CheckFunctionExists.c"
  Microsoft (R) C/C++ Optimizing Compiler Version 19.14.26430 for x64
  Copyright (C) Microsoft Corporation.  All rights reserved.
  
  cl /c /W3 /WX- /diagnostics:classic /MP4 /O2 /Ob2 /Oi /D WIN32 /D _WINDOWS /D _CRT_SECURE_NO_DEPRECATE /D _CRT_NONSTDC_NO_DEPRECATE /D _SCL_SECURE_NO_WARNINGS /D CHECK_FUNCTION_EXISTS=strcasecmp /D NDEBUG /D "CMAKE_INTDIR=\"Release\"" /D _MBCS /Gm- /MD /GS /Gy /fp:precise /Zc:wchar_t /Zc:forScope /Zc:inline /Fo"cmTC_f2c78.dir\Release\\" /Fd"cmTC_f2c78.dir\Release\vc141.pdb" /Gd /TC /FC /errorReport:queue  /bigobj "C:\Program Files\CMake\share\cmake-3.12\Modules\CheckFunctionExists.c"
  CheckFunctionExists.c
  
Link:
  C:\Program Files (x86)\Microsoft Visual Studio\2017\BuildTools\VC\Tools\MSVC\14.14.26428\bin\HostX86\x64\link.exe /ERRORREPORT:QUEUE /OUT:"C:\Users\manzur\WebstormProjects\Nodejs\node_modules\opencv-build\opencv\build\CMakeFiles\CMakeTmp\Release\cmTC_f2c78.exe" /INCREMENTAL:NO /NOLOGO kernel32.lib user32.lib gdi32.lib winspool.lib shell32.lib ole32.lib oleaut32.lib uuid.lib comdlg32.lib advapi32.lib /MANIFEST /MANIFESTUAC:"level='asInvoker' uiAccess='false'" /manifest:embed /PDB:"C:/Users/manzur/WebstormProjects/Nodejs/node_modules/opencv-build/opencv/build/CMakeFiles/CMakeTmp/Release/cmTC_f2c78.pdb" /SUBSYSTEM:CONSOLE /TLBID:1 /DYNAMICBASE /NXCOMPAT /IMPLIB:"C:/Users/manzur/WebstormProjects/Nodejs/node_modules/opencv-build/opencv/build/CMakeFiles/CMakeTmp/Release/cmTC_f2c78.lib" /MACHINE:X64  /machine:x64 cmTC_f2c78.dir\Release\CheckFunctionExists.obj
CheckFunctionExists.obj : error LNK2019: unresolved external symbol strcasecmp referenced in function main [C:\Users\manzur\WebstormProjects\Nodejs\node_modules\opencv-build\opencv\build\CMakeFiles\CMakeTmp\cmTC_f2c78.vcxproj]
C:\Users\manzur\WebstormProjects\Nodejs\node_modules\opencv-build\opencv\build\CMakeFiles\CMakeTmp\Release\cmTC_f2c78.exe : fatal error LNK1120: 1 unresolved externals [C:\Users\manzur\WebstormProjects\Nodejs\node_modules\opencv-build\opencv\build\CMakeFiles\CMakeTmp\cmTC_f2c78.vcxproj]
Done Building Project "C:\Users\manzur\WebstormProjects\Nodejs\node_modules\opencv-build\opencv\build\CMakeFiles\CMakeTmp\cmTC_f2c78.vcxproj" (default targets) -- FAILED.

Build FAILED.

"C:\Users\manzur\WebstormProjects\Nodejs\node_modules\opencv-build\opencv\build\CMakeFiles\CMakeTmp\cmTC_f2c78.vcxproj" (default target) (1) ->
(Link target) -> 
  CheckFunctionExists.obj : error LNK2019: unresolved external symbol strcasecmp referenced in function main [C:\Users\manzur\WebstormProjects\Nodejs\node_modules\opencv-build\opencv\build\CMakeFiles\CMakeTmp\cmTC_f2c78.vcxproj]
  C:\Users\manzur\WebstormProjects\Nodejs\node_modules\opencv-build\opencv\build\CMakeFiles\CMakeTmp\Release\cmTC_f2c78.exe : fatal error LNK1120: 1 unresolved externals [C:\Users\manzur\WebstormProjects\Nodejs\node_modules\opencv-build\opencv\build\CMakeFiles\CMakeTmp\cmTC_f2c78.vcxproj]

    0 Warning(s)
    2 Error(s)

Time Elapsed 00:00:01.14


Determining if the include file pthread.h exists failed with the following output:
Change Dir: C:/Users/manzur/WebstormProjects/Nodejs/node_modules/opencv-build/opencv/build/CMakeFiles/CMakeTmp

Run Build Command:"C:/Program Files (x86)/Microsoft Visual Studio/2017/BuildTools/MSBuild/15.0/Bin/MSBuild.exe" "cmTC_b2673.vcxproj" "/p:Configuration=Release" "/p:VisualStudioVersion=15.0"
Microsoft (R) Build Engine version 15.7.179.6572 for .NET Framework
Copyright (C) Microsoft Corporation. All rights reserved.

Build started 28/07/2018 23:09:30.
Project "C:\Users\manzur\WebstormProjects\Nodejs\node_modules\opencv-build\opencv\build\CMakeFiles\CMakeTmp\cmTC_b2673.vcxproj" on node 1 (default targets).
PrepareForBuild:
  Creating directory "cmTC_b2673.dir\Release\".
  Creating directory "C:\Users\manzur\WebstormProjects\Nodejs\node_modules\opencv-build\opencv\build\CMakeFiles\CMakeTmp\Release\".
  Creating directory "cmTC_b2673.dir\Release\cmTC_b2673.tlog\".
InitializeBuildStatus:
  Creating "cmTC_b2673.dir\Release\cmTC_b2673.tlog\unsuccessfulbuild" because "AlwaysCreate" was specified.
ClCompile:
  C:\Program Files (x86)\Microsoft Visual Studio\2017\BuildTools\VC\Tools\MSVC\14.14.26428\bin\HostX86\x64\CL.exe /c /W3 /WX- /diagnostics:classic /MP4 /O2 /Ob2 /Oi /D WIN32 /D _WINDOWS /D _CRT_SECURE_NO_DEPRECATE /D _CRT_NONSTDC_NO_DEPRECATE /D _SCL_SECURE_NO_WARNINGS /D NDEBUG /D "CMAKE_INTDIR=\"Release\"" /D _MBCS /Gm- /MD /GS /Gy /fp:precise /Zc:wchar_t /Zc:forScope /Zc:inline /Fo"cmTC_b2673.dir\Release\\" /Fd"cmTC_b2673.dir\Release\vc141.pdb" /Gd /TC /FC /errorReport:queue  /bigobj "C:\Users\manzur\WebstormProjects\Nodejs\node_modules\opencv-build\opencv\build\CMakeFiles\CMakeTmp\CheckIncludeFile.c"
  Microsoft (R) C/C++ Optimizing Compiler Version 19.14.26430 for x64
  Copyright (C) Microsoft Corporation.  All rights reserved.
  
  cl /c /W3 /WX- /diagnostics:classic /MP4 /O2 /Ob2 /Oi /D WIN32 /D _WINDOWS /D _CRT_SECURE_NO_DEPRECATE /D _CRT_NONSTDC_NO_DEPRECATE /D _SCL_SECURE_NO_WARNINGS /D NDEBUG /D "CMAKE_INTDIR=\"Release\"" /D _MBCS /Gm- /MD /GS /Gy /fp:precise /Zc:wchar_t /Zc:forScope /Zc:inline /Fo"cmTC_b2673.dir\Release\\" /Fd"cmTC_b2673.dir\Release\vc141.pdb" /Gd /TC /FC /errorReport:queue  /bigobj "C:\Users\manzur\WebstormProjects\Nodejs\node_modules\opencv-build\opencv\build\CMakeFiles\CMakeTmp\CheckIncludeFile.c"
  CheckIncludeFile.c
  
c:\users\manzur\webstormprojects\nodejs\node_modules\opencv-build\opencv\build\cmakefiles\cmaketmp\checkincludefile.c(1): fatal error C1083: Cannot open include file: 'pthread.h': No such file or directory [C:\Users\manzur\WebstormProjects\Nodejs\node_modules\opencv-build\opencv\build\CMakeFiles\CMakeTmp\cmTC_b2673.vcxproj]
Done Building Project "C:\Users\manzur\WebstormProjects\Nodejs\node_modules\opencv-build\opencv\build\CMakeFiles\CMakeTmp\cmTC_b2673.vcxproj" (default targets) -- FAILED.

Build FAILED.

"C:\Users\manzur\WebstormProjects\Nodejs\node_modules\opencv-build\opencv\build\CMakeFiles\CMakeTmp\cmTC_b2673.vcxproj" (default target) (1) ->
(ClCompile target) -> 
  c:\users\manzur\webstormprojects\nodejs\node_modules\opencv-build\opencv\build\cmakefiles\cmaketmp\checkincludefile.c(1): fatal error C1083: Cannot open include file: 'pthread.h': No such file or directory [C:\Users\manzur\WebstormProjects\Nodejs\node_modules\opencv-build\opencv\build\CMakeFiles\CMakeTmp\cmTC_b2673.vcxproj]

    0 Warning(s)
    1 Error(s)

Time Elapsed 00:00:00.68


